C:\USERS\DUSTIN\DOCUMENTS\VISUAL STUDIO 2012\PROJECTS\WOLFDE01_HW1_CS321\WOLFDE01_HW1_CS321\DEBUG\PROJECT1DRIVER.OBJ
C:\USERS\DUSTIN\DOCUMENTS\VISUAL STUDIO 2012\PROJECTS\WOLFDE01_HW1_CS321\WOLFDE01_HW1_CS321\DEBUG\VC110.PDB
C:\USERS\DUSTIN\DOCUMENTS\VISUAL STUDIO 2012\PROJECTS\WOLFDE01_HW1_CS321\DEBUG\WOLFDE01_HW1_CS321.ILK
C:\USERS\DUSTIN\DOCUMENTS\VISUAL STUDIO 2012\PROJECTS\WOLFDE01_HW1_CS321\DEBUG\WOLFDE01_HW1_CS321.EXE
C:\USERS\DUSTIN\DOCUMENTS\VISUAL STUDIO 2012\PROJECTS\WOLFDE01_HW1_CS321\DEBUG\WOLFDE01_HW1_CS321.PDB
c:\Users\Dustin\documents\visual studio 2012\Projects\wolfde01_hw1_cs321\wolfde01_hw1_cs321\Debug\Project1Driver.obj
c:\Users\Dustin\documents\visual studio 2012\Projects\wolfde01_hw1_cs321\wolfde01_hw1_cs321\Debug\cl.command.1.tlog
c:\Users\Dustin\documents\visual studio 2012\Projects\wolfde01_hw1_cs321\wolfde01_hw1_cs321\Debug\CL.read.1.tlog
c:\Users\Dustin\documents\visual studio 2012\Projects\wolfde01_hw1_cs321\wolfde01_hw1_cs321\Debug\CL.write.1.tlog
c:\Users\Dustin\documents\visual studio 2012\Projects\wolfde01_hw1_cs321\wolfde01_hw1_cs321\Debug\link-cvtres.read.1.tlog
c:\Users\Dustin\documents\visual studio 2012\Projects\wolfde01_hw1_cs321\wolfde01_hw1_cs321\Debug\link-cvtres.write.1.tlog
c:\Users\Dustin\documents\visual studio 2012\Projects\wolfde01_hw1_cs321\wolfde01_hw1_cs321\Debug\link-rc.read.1.tlog
c:\Users\Dustin\documents\visual studio 2012\Projects\wolfde01_hw1_cs321\wolfde01_hw1_cs321\Debug\link-rc.write.1.tlog
c:\Users\Dustin\documents\visual studio 2012\Projects\wolfde01_hw1_cs321\wolfde01_hw1_cs321\Debug\link.1008-cvtres.read.1.tlog
c:\Users\Dustin\documents\visual studio 2012\Projects\wolfde01_hw1_cs321\wolfde01_hw1_cs321\Debug\link.1008-cvtres.write.1.tlog
c:\Users\Dustin\documents\visual studio 2012\Projects\wolfde01_hw1_cs321\wolfde01_hw1_cs321\Debug\link.1008-rc.read.1.tlog
c:\Users\Dustin\documents\visual studio 2012\Projects\wolfde01_hw1_cs321\wolfde01_hw1_cs321\Debug\link.1008-rc.write.1.tlog
c:\Users\Dustin\documents\visual studio 2012\Projects\wolfde01_hw1_cs321\wolfde01_hw1_cs321\Debug\link.1008.read.1.tlog
c:\Users\Dustin\documents\visual studio 2012\Projects\wolfde01_hw1_cs321\wolfde01_hw1_cs321\Debug\link.1008.write.1.tlog
c:\Users\Dustin\documents\visual studio 2012\Projects\wolfde01_hw1_cs321\wolfde01_hw1_cs321\Debug\link.command.1.tlog
c:\Users\Dustin\documents\visual studio 2012\Projects\wolfde01_hw1_cs321\wolfde01_hw1_cs321\Debug\link.read.1.tlog
c:\Users\Dustin\documents\visual studio 2012\Projects\wolfde01_hw1_cs321\wolfde01_hw1_cs321\Debug\link.write.1.tlog
c:\Users\Dustin\documents\visual studio 2012\Projects\wolfde01_hw1_cs321\wolfde01_hw1_cs321\Debug\vc110.idb
c:\Users\Dustin\documents\visual studio 2012\Projects\wolfde01_hw1_cs321\wolfde01_hw1_cs321\Debug\vc110.pdb
c:\users\dustin\documents\visual studio 2012\Projects\wolfde01_hw1_cs321\Debug\wolfde01_hw1_cs321.pdb
c:\users\dustin\documents\visual studio 2012\Projects\wolfde01_hw1_cs321\Debug\wolfde01_hw1_cs321.exe
c:\users\dustin\documents\visual studio 2012\Projects\wolfde01_hw1_cs321\Debug\wolfde01_hw1_cs321.ilk
