Build started 9/4/2013 6:06:26 PM.
     1>Project "c:\Users\Dustin\documents\visual studio 2012\Projects\wolfde01_hw1_cs321\wolfde01_hw1_cs321\wolfde01_hw1_cs321.vcxproj" on node 2 (Build target(s)).
     1>ClCompile:
         C:\Program Files (x86)\Microsoft Visual Studio 11.0\VC\bin\CL.exe /c /ZI /nologo /W3 /WX- /Od /Oy- /D WIN32 /D _DEBUG /D _CONSOLE /D _UNICODE /D UNICODE /Gm /EHsc /RTC1 /MDd /GS /fp:precise /Zc:wchar_t /Zc:forScope /Fo"Debug\\" /Fd"Debug\vc110.pdb" /Gd /TP /analyze- /errorReport:prompt Project1Driver.cpp
         Project1Driver.cpp
     1>c:\users\dustin\documents\visual studio 2012\projects\wolfde01_hw1_cs321\wolfde01_hw1_cs321\project1driver.cpp(77): warning C4996: 'strdup': The POSIX name for this item is deprecated. Instead, use the ISO C++ conformant name: _strdup. See online help for details.
                 c:\program files (x86)\microsoft visual studio 11.0\vc\include\string.h(241) : see declaration of 'strdup'
     1>c:\users\dustin\documents\visual studio 2012\projects\wolfde01_hw1_cs321\wolfde01_hw1_cs321\project1driver.cpp(78): warning C4996: 'strtok': This function or variable may be unsafe. Consider using strtok_s instead. To disable deprecation, use _CRT_SECURE_NO_WARNINGS. See online help for details.
                 c:\program files (x86)\microsoft visual studio 11.0\vc\include\string.h(200) : see declaration of 'strtok'
     1>c:\users\dustin\documents\visual studio 2012\projects\wolfde01_hw1_cs321\wolfde01_hw1_cs321\project1driver.cpp(80): warning C4996: 'strtok': This function or variable may be unsafe. Consider using strtok_s instead. To disable deprecation, use _CRT_SECURE_NO_WARNINGS. See online help for details.
                 c:\program files (x86)\microsoft visual studio 11.0\vc\include\string.h(200) : see declaration of 'strtok'
     1>c:\users\dustin\documents\visual studio 2012\projects\wolfde01_hw1_cs321\wolfde01_hw1_cs321\project1driver.cpp(82): warning C4996: 'strtok': This function or variable may be unsafe. Consider using strtok_s instead. To disable deprecation, use _CRT_SECURE_NO_WARNINGS. See online help for details.
                 c:\program files (x86)\microsoft visual studio 11.0\vc\include\string.h(200) : see declaration of 'strtok'
     1>c:\users\dustin\documents\visual studio 2012\projects\wolfde01_hw1_cs321\wolfde01_hw1_cs321\project1driver.cpp(90): warning C4996: 'strtok': This function or variable may be unsafe. Consider using strtok_s instead. To disable deprecation, use _CRT_SECURE_NO_WARNINGS. See online help for details.
                 c:\program files (x86)\microsoft visual studio 11.0\vc\include\string.h(200) : see declaration of 'strtok'
     1>c:\users\dustin\documents\visual studio 2012\projects\wolfde01_hw1_cs321\wolfde01_hw1_cs321\project1driver.cpp(92): warning C4996: 'fopen': This function or variable may be unsafe. Consider using fopen_s instead. To disable deprecation, use _CRT_SECURE_NO_WARNINGS. See online help for details.
                 c:\program files (x86)\microsoft visual studio 11.0\vc\include\stdio.h(218) : see declaration of 'fopen'
     1>c:\users\dustin\documents\visual studio 2012\projects\wolfde01_hw1_cs321\wolfde01_hw1_cs321\project1driver.cpp(92): warning C4996: 'strcat': This function or variable may be unsafe. Consider using strcat_s instead. To disable deprecation, use _CRT_SECURE_NO_WARNINGS. See online help for details.
                 c:\program files (x86)\microsoft visual studio 11.0\vc\include\string.h(115) : see declaration of 'strcat'
       Link:
         C:\Program Files (x86)\Microsoft Visual Studio 11.0\VC\bin\link.exe /ERRORREPORT:PROMPT /OUT:"c:\users\dustin\documents\visual studio 2012\Projects\wolfde01_hw1_cs321\Debug\wolfde01_hw1_cs321.exe" /INCREMENTAL /NOLOGO kernel32.lib user32.lib gdi32.lib winspool.lib comdlg32.lib advapi32.lib shell32.lib ole32.lib oleaut32.lib uuid.lib odbc32.lib odbccp32.lib /MANIFEST /MANIFESTUAC:"level='asInvoker' uiAccess='false'" /manifest:embed /DEBUG /PDB:"c:\users\dustin\documents\visual studio 2012\Projects\wolfde01_hw1_cs321\Debug\wolfde01_hw1_cs321.pdb" /SUBSYSTEM:CONSOLE /TLBID:1 /DYNAMICBASE /NXCOMPAT /IMPLIB:"c:\users\dustin\documents\visual studio 2012\Projects\wolfde01_hw1_cs321\Debug\wolfde01_hw1_cs321.lib" /MACHINE:X86 Debug\Project1Driver.obj
         wolfde01_hw1_cs321.vcxproj -> c:\users\dustin\documents\visual studio 2012\Projects\wolfde01_hw1_cs321\Debug\wolfde01_hw1_cs321.exe
     1>Done Building Project "c:\Users\Dustin\documents\visual studio 2012\Projects\wolfde01_hw1_cs321\wolfde01_hw1_cs321\wolfde01_hw1_cs321.vcxproj" (Build target(s)).

Build succeeded.

Time Elapsed 00:00:00.85
